The computational time is 15.423783779144287
[ 19.472  20.256  20.968  21.498  22.514  23.293  24.578  25.986  27.224
  28.966  30.303  31.855  33.396  35.33   37.115  39.353  41.39   43.223
  45.704  48.797  53.778  55.697  58.591  61.063  64.763  67.962  73.81
  79.034  83.548  87.339  92.796  96.252 102.787 106.913 115.786 121.784
 128.522 137.567 144.462 150.834 158.371 165.736 171.278 179.31  188.177
 196.917 205.889 213.076 223.258 228.434 241.727 253.893 261.601 272.988
 281.49  292.768 306.864 314.574 326.455 339.84  355.535 370.342 388.598
 406.041 420.735 429.584 441.676 459.522 477.011 493.935 499.183 511.749
 526.669 548.22  562.448 576.174 586.086 589.233 602.663 616.687 613.82
 634.22  648.544 655.338 663.223 680.502 686.074 690.03  693.663 701.328
 721.848 729.363 733.202 741.91  743.512 748.211 751.639 751.581 746.759
 750.611 720.041 714.432 723.108 734.516 733.602 740.698 736.958 725.992
 724.92  715.28  702.605 693.378 688.215 685.003 680.266 667.94  671.935
 660.664 644.269 634.444 623.629 606.793 600.461 572.256 562.599 555.422
 538.29  527.955 506.644 493.537 489.968 483.535 469.673 453.908 442.503
 431.792 419.825 404.418 390.887 382.435 369.138 356.699 340.339 332.256
 319.684 314.233 304.069 291.306 282.809 271.275 257.622 246.425 235.957
 223.489 216.146 210.851 206.013 196.881 191.471 185.048 165.862 158.047
 153.865 146.648 140.276 133.572 128.29  122.753 117.667 110.346 113.149
 110.044 104.585  99.796  95.61   91.317  85.101  82.08   78.831  76.042
  75.333  72.03   68.123  65.172  63.39   61.651  59.699  57.84   55.692
  54.173  53.633  52.941  51.483  50.777  50.318  50.123  50.418  50.165
  50.18   51.494]
The optimal rho is -0.03341708542713573
The corresponding avarege period to optimal rho is 751.639
